

Started GET "/" for ::1 at 2016-11-30 21:30:54 -0500
Processing by PagesController#index as HTML
  Rendered pages/index.html.erb within layouts/application (10.4ms)
Completed 200 OK in 5451ms (Views: 5430.1ms | ActiveRecord: 0.0ms)


Started GET "/assets/pages.self-e3b0c44298fc1c149afbf4c8996fb92427ae41e4649b934ca495991b7852b855.css?body=1" for ::1 at 2016-11-30 21:31:00 -0500


Started GET "/assets/turbolinks.self-c37727e9bd6b2735da5c311aa83fead54ed0be6cc8bd9a65309e9c5abe2cbfff.js?body=1" for ::1 at 2016-11-30 21:31:00 -0500


Started GET "/assets/jquery_ujs.self-d456baa54c1fa6be2ec3711f0a72ddf7a5b2f34a6b4f515f33767d6207b7d4b3.js?body=1" for ::1 at 2016-11-30 21:31:00 -0500


Started GET "/assets/application.self-59c18de1d35e4a700ac7f9dd4d21679b901b4e7ea08d5809e682441fd4b32033.css?body=1" for ::1 at 2016-11-30 21:31:00 -0500


Started GET "/assets/jquery.self-a714331225dda820228db323939889f149aec0127aeb06255646b616ba1ca419.js?body=1" for ::1 at 2016-11-30 21:31:00 -0500


Started GET "/assets/bootstrap/alert.self-a29e91e8cd3ddaba9bbc466901d53ec2127e9256b9b941905d525a3a716bd1a5.js?body=1" for ::1 at 2016-11-30 21:31:00 -0500


Started GET "/assets/bootstrap/affix.self-d2b642d8fbfc1d7041e2edefd66683ada567a980789dcd6f94fddda0b33408b5.js?body=1" for ::1 at 2016-11-30 21:31:00 -0500


Started GET "/assets/bootstrap/dropdown.self-9314126777c6be5443e37ea7f7967d7914d72b3e60449ba50edc967446373059.js?body=1" for ::1 at 2016-11-30 21:31:00 -0500


Started GET "/assets/bootstrap/tab.self-122235057fbd4c6c7da377d59dc58f47b44cb1088a2e38e6ee6ce9d8ac29a26a.js?body=1" for ::1 at 2016-11-30 21:31:00 -0500


Started GET "/assets/bootstrap/carousel.self-57eb8422043cf0a85b7a9dc6843916eb0a3e35b419c7798a5eb254b918997631.js?body=1" for ::1 at 2016-11-30 21:31:00 -0500


Started GET "/assets/bootstrap/button.self-a6cb16785434acb365ae426aef9f1fce05ed553cae7a965e4471c3da71509175.js?body=1" for ::1 at 2016-11-30 21:31:00 -0500


Started GET "/assets/bootstrap/collapse.self-7dc8bfbc2fbfabd2bad62c58ff8ffeaf8f20fb87c7ca6cd35f06d4dc19632587.js?body=1" for ::1 at 2016-11-30 21:31:00 -0500


Started GET "/assets/bootstrap/scrollspy.self-a155b9d4b2f978905f0326c0f6635e1134fe91c6bfbfcbad079fa24a9fef2b0e.js?body=1" for ::1 at 2016-11-30 21:31:00 -0500


Started GET "/assets/bootstrap/tooltip.self-11cf547be953f25f511cec668f6690473fd97b2f65502e4032f4030999a3f0c3.js?body=1" for ::1 at 2016-11-30 21:31:00 -0500


Started GET "/assets/bootstrap/modal.self-72f95ffa1071297725a9ac91989693d56d1abf23f441a47455073b0da2857a5b.js?body=1" for ::1 at 2016-11-30 21:31:00 -0500


Started GET "/assets/bootstrap/transition.self-09ff30b1e8a93d1f7728b9855f55d9c9d8d5734c8861e0d8139994e50944572a.js?body=1" for ::1 at 2016-11-30 21:31:00 -0500


Started GET "/assets/bootstrap/popover.self-77d8e3a2499c1104ef146396a68b82469ee2bdb365199b874694698d10405e9a.js?body=1" for ::1 at 2016-11-30 21:31:00 -0500


Started GET "/assets/bootstrap-sprockets.self-fbfa5ad7d9aa0afe439ec4ff3883acc4cb92b62cb67c40d674320c9aa1d4642d.js?body=1" for ::1 at 2016-11-30 21:31:00 -0500


Started GET "/assets/pages.self-877aef30ae1b040ab8a3aba4e3e309a11d7f2612f44dde450b5c157aa5f95c05.js?body=1" for ::1 at 2016-11-30 21:31:00 -0500


Started GET "/assets/application.self-f59b5e6bb1e7e87915fdb27e6cc14ee85b89ec9bf8b38568948b4fb6a97b490c.js?body=1" for ::1 at 2016-11-30 21:31:00 -0500


Started POST "/pages" for ::1 at 2016-11-30 21:31:07 -0500
Processing by PagesController#submit as HTML
  Parameters: {"utf8"=>"✓", "authenticity_token"=>"YS9m0cX9cOefMhRB1+3qlVk8ImJ+GxlZLZZbxh2xY1C4wFhvUw2YjxvofoMdQvo6UYx7w7YZfl69zbAsBRWSyg==", "1"=>"2", "2"=>"3", "3"=>"3", "4"=>"5", "commit"=>"Submit"}
Redirected to http://localhost:3000/
Completed 302 Found in 1ms (ActiveRecord: 0.0ms)


Started GET "/" for ::1 at 2016-11-30 21:31:07 -0500
Processing by PagesController#index as HTML
  Rendered pages/index.html.erb within layouts/application (0.4ms)
Completed 200 OK in 115ms (Views: 114.9ms | ActiveRecord: 0.0ms)


Started POST "/pages" for ::1 at 2016-11-30 21:31:08 -0500
Processing by PagesController#submit as HTML
  Parameters: {"utf8"=>"✓", "authenticity_token"=>"JacbqttnGtVSj19Bvz/0/cL2Dr1kDRzoNupr1Sfo7R38SCUUTZfyvdZVNYN1kORSykZXHKwPe++msYA/P0wchw==", "1"=>"", "2"=>"", "3"=>"", "4"=>"", "commit"=>"Submit"}
Redirected to http://localhost:3000/
Completed 302 Found in 1ms (ActiveRecord: 0.0ms)


Started GET "/" for ::1 at 2016-11-30 21:31:08 -0500
Processing by PagesController#index as HTML
  Rendered pages/index.html.erb within layouts/application (0.5ms)
Completed 200 OK in 107ms (Views: 106.0ms | ActiveRecord: 0.0ms)


Started POST "/pages" for ::1 at 2016-11-30 21:31:09 -0500
Processing by PagesController#submit as HTML
  Parameters: {"utf8"=>"✓", "authenticity_token"=>"J/8zHrdWo8EODHbTPk4p1MXpPkzc7nmbAbQ+HmgXTUD+EA2gIaZLqYrWHBH04Tl7zVln7RTsHpyR79X0cLO82g==", "1"=>"", "2"=>"", "3"=>"", "4"=>"", "commit"=>"Submit"}
Redirected to http://localhost:3000/
Completed 302 Found in 1ms (ActiveRecord: 0.0ms)


Started GET "/" for ::1 at 2016-11-30 21:31:09 -0500
Processing by PagesController#index as HTML
  Rendered pages/index.html.erb within layouts/application (0.5ms)
Completed 200 OK in 102ms (Views: 101.4ms | ActiveRecord: 0.0ms)


Started POST "/pages" for ::1 at 2016-11-30 21:31:09 -0500
Processing by PagesController#submit as HTML
  Parameters: {"utf8"=>"✓", "authenticity_token"=>"LsJQcIEeYi6/M6a3z/RwDZJmWjFq1NzZnmaTUSuPD4L3LW7OF+6KRjvpzHUFW2CimtYDkKLWu94OPXi7Myv+GA==", "1"=>"", "2"=>"", "3"=>"", "4"=>"", "commit"=>"Submit"}
Redirected to http://localhost:3000/
Completed 302 Found in 1ms (ActiveRecord: 0.0ms)


Started GET "/" for ::1 at 2016-11-30 21:31:09 -0500
Processing by PagesController#index as HTML
  Rendered pages/index.html.erb within layouts/application (0.4ms)
Completed 200 OK in 105ms (Views: 104.2ms | ActiveRecord: 0.0ms)


Started POST "/pages" for ::1 at 2016-11-30 21:31:10 -0500
Processing by PagesController#submit as HTML
  Parameters: {"utf8"=>"✓", "authenticity_token"=>"XfL/3BidoGxMvadxsAGbSu8uYEcjIWcfHhCbhD2f9DyEHcFijm1IBMhnzbN6rovl55455usjABiOS3BuJTsFpg==", "1"=>"", "2"=>"", "3"=>"", "4"=>"", "commit"=>"Submit"}
Redirected to http://localhost:3000/
Completed 302 Found in 1ms (ActiveRecord: 0.0ms)


Started GET "/" for ::1 at 2016-11-30 21:31:10 -0500
Processing by PagesController#index as HTML
  Rendered pages/index.html.erb within layouts/application (0.3ms)
Completed 200 OK in 90ms (Views: 89.8ms | ActiveRecord: 0.0ms)
